make.exe all --print-data-base --no-builtin-variables --no-builtin-rules --question
# GNU Make 3.81
# Copyright (C) 2006  Free Software Foundation, Inc.
# This is free software; see the source for copying conditions.
# There is NO warranty; not even for MERCHANTABILITY or FITNESS FOR A
# PARTICULAR PURPOSE.

# This program built for i386-pc-mingw32
 

# Make data base, printed on Wed Sep 29 22:58:07 2021

# Variables

# environment
POWERSHELL_DISTRIBUTION_CHANNEL = MSI:Windows 10 Pro for Workstations
# automatic
?F = $(notdir $?)
# automatic
<D = $(patsubst %/,%,$(dir $<))
# makefile
MAKEFLAGS = Rrqp
# environment
VSCODE_LOG_NATIVE = false
# automatic
?D = $(patsubst %/,%,$(dir $?))
# environment
PLATFORMIO_IDE = 2.3.3
# automatic
@D = $(patsubst %/,%,$(dir $@))
# environment
HOMEDRIVE = C:
# automatic
@F = $(notdir $@)
# automatic
^D = $(patsubst %/,%,$(dir $^))
# makefile
CURDIR := c:/Users/caine/Documents/GitHub/esp32-microlight
# default
SHELL := sh.exe
# environment
WINDIR = C:\Windows
# environment
VSCODE_NLS_CONFIG = {"locale":"en-us","availableLanguages":{},"_languagePackSupport":true}
# environment
PYCHARM COMMUNITY EDITION = C:\Program Files\JetBrains\PyCharm Community Edition 2021.1.3\bin;
# environment
ONEDRIVE = C:\Users\caine\OneDrive
# makefile (from `C:\esp-idf/make/project.mk', line 53)
NON_INTERACTIVE_TARGET = defconfig clean% %clean help list-components print_flash_cmd check_python_dependencies
# environment
PATHEXT = .COM;.EXE;.BAT;.CMD;.VBS;.VBE;.JS;.JSE;.WSF;.WSH;.MSC
# makefile (from `C:\esp-idf/make/project.mk', line 1)
MAKEFILE_LIST :=  makefile C:\esp-idf/make/project.mk
# environment
FPS_BROWSER_USER_PROFILE_STRING = Default
# environment
TMP = C:\Users\caine\AppData\Local\Temp
# environment
VSCODE_VERBOSE_LOGGING = true
# environment
PROGRAMW6432 = C:\Program Files
# environment
PROGRAMDATA = C:\ProgramData
# environment
VSCODE_IPC_HOOK_EXTHOST = \\.\pipe\vscode-ipc-e07bc5e1-f8b7-4138-8ba9-6d79633e40b4-sock
# environment
VSCODE_CWD = C:\Users\caine\AppData\Local\Programs\Microsoft VS Code
# environment
NO_PROXY = 127.0.0.1
# environment
SW_SIM_HYDRA = C:\Program Files\Common Files\SolidWorks Shared\Simulation Worker Agent\
# environment
COMMONPROGRAMW6432 = C:\Program Files\Common Files
# environment
CHOCOLATEYLASTPATHUPDATE = 132772852816514184
# environment
PROCESSOR_ARCHITECTURE = x86
# environment
USERPROFILE = C:\Users\caine
# 
 environment
CHOCOLATEYINSTALL = C:\ProgramData\chocolatey
# environment
ALLUSERSPROFILE = C:\ProgramData
# environment
DOKANLIBRARY1 = C:\Program Files\Dokan\DokanLibrary-1.5.0\
# environment
VSCODE_LOG_STACK = false
# environment
NUMBER_OF_PROCESSORS = 32
# environment
ELECTRON_RUN_AS_NODE = 1
# default
.FEATURES := target-specific order-only second-expansion else-if archives
# automatic
%F = $(notdir $%)
# environment
CHROME_CRASHPAD_PIPE_NAME = \\.\pipe\crashpad_14508_YYWLCKMYGOAPIQUK
# environment
VSCODE_PIPE_LOGGING = true
# environment
COMPUTERNAME = WORKSTATION
# environment
PROGRAMFILES = C:\Program Files (x86)
# environment
DRIVERDATA = C:\Windows\System32\Drivers\DriverData
# environment
ASL.LOG = Destination=file
# environment
ORIGINAL_XDG_CURRENT_DESKTOP = undefined
# environment
USERNAME = caine
# environment
PUBLIC = C:\Users\Public
# environment
VSCODE_AMD_ENTRYPOINT = vs/workbench/services/extensions/node/extensionHostProcess
# environment
VSCODE_CODE_CACHE_PATH = C:\Users\caine\AppData\Roaming\Code\CachedData\7f6ab5485bbc008386c4386d08766667e155244e
# environment
APPLICATION_INSIGHTS_NO_DIAGNOSTIC_CHANNEL = true
# environment
COMMONPROGRAMFILES = C:\Program Files (x86)\Common Files
# environment
LOGONSERVER = \\WORKSTATION
# environment
ONEDRIVECONSUMER = C:\Users\caine\OneDrive
# environment
VSCODE_HANDLES_UNCAUGHT_ERRORS = true
# environment
USERDOMAIN = WORKSTATION
# environment
MIC_LD_LIBRARY_PATH = C:\Program Files (x86)\Common Files\Intel\Shared Libraries\compiler\lib\mic
# environment
PLATFORMIO_PATH = C:\Users\caine\.platformio\python3;c:\program files (x86)\common files\oracle\java\javapath;c:\program files (x86)\common files\intel\shared libraries\redist\intel64\compiler;c:\windows\system32;c:\windows;c:\windows\system32\wbem;c:\windows\system32\windowspowershell\v1.0\;c:\windows\system32\openssh\;c:\program files\nvidia corporation\nvidia nvdlisr;c:\program files\dotnet\;c:\program files\powershell\7\;c:\program files\010 editor;c:\program files (x86)\stmicroelectronics\stm32 st-link utility\st-link utility;c:\program files\git\cmd;c:\program files\nodejs\;c:\program files\cmake\bin;C:\Program Files (x86)\NVIDIA Corporation\PhysX\Common;C:\Program Files\Microsoft SQL Server\Client SDK\ODBC\110\Tools\Binn\;C:\Program Files (x86)\Microsoft SQL Server\120\Tools\Binn\;C:\Program Files\Microsoft SQL Server\120\Tools\Binn\;C:\Program Files\Microsoft SQL Server\120\DTS\Binn\;C:\Program Files (x86)\Windows Kits\8.1\Windows Performance Toolkit\;C:\ProgramData\chocolatey\bin;C:\Program Files (x86)\GNU Arm Embedded Toolchain\10 2020-q4-major\bin;C:\Users\caine\AppData\Local\Microsoft\WindowsApps;C:\Users\caine\AppData\Local\Programs\Microsoft VS Code\bin;C:\Program Files\Bandizip\;C:\Users\caine\AppData\Local\GitHubDesktop\bin;C:\Users\caine\.dotnet\tools;C:\Users\caine\AppData\Roaming\npm;C:\Program Files (x86)\GnuWin32\bin;C:\Program Files (x86)\GNU Arm Embedded Toolchain\10 2020-q4-major\bin;C:\Program Files\JetBrains\PyCharm Community Edition 2021.1.3\bin;;C:\Program Files\STMicroelectronics\STM32Cube\STM32CubeProgrammer\bin;C:\Program Files\openocd\bin;C:\Program Files (x86)\dfu-util;C:\esp-idf\tools;C:\Program Files\qemu;;c:\program files (x86)\common files\oracle\java\javapath;c:\program files (x86)\common files\intel\shared libraries\redist\intel64\compiler;c:\windows\system32;c:\windows;c:\windows\system32\wbem;c:\windows\system32\windowspowershell\v1.0\;c:\windows\system32\openssh\;c:\program files\nvidia corporation\nvidia nvdlisr;c:\program files\dotnet\;c:\program files\powershell\7\;c:\program files\010 editor;c:\program files (x86)\stmicroelectronics\stm32 st-link utility\st-link utility;c:\program files\git\cmd;c:\program files\nodejs\;c:\program files\cmake\bin;C:\Program Files (x86)\NVIDIA Corporation\PhysX\Common;C:\Program Files\Microsoft SQL Server\Client SDK\ODBC\110\Tools\Binn\;C:\Program Files (x86)\Microsoft SQL Server\120\Tools\Binn\;C:\Program Files\Microsoft SQL Server\120\Tools\Binn\;C:\Program Files\Microsoft SQL Server\120\DTS\Binn\;C:\Program Files (x86)\Windows Kits\8.1\Windows Performance Toolkit\;C:\ProgramData\chocolatey\bin;C:\Program Files (x86)\GNU Arm Embedded Toolchain\10 2020-q4-major\bin;C:\Users\caine\AppData\Local\Microsoft\WindowsApps;C:\Users\caine\AppData\Local\Programs\Microsoft VS Code\bin;C:\Program Files\Bandizip\;C:\Users\caine\AppData\Local\GitHubDesktop\bin;C:\Users\caine\.dotnet\tools;C:\Users\caine\AppData\Roaming\npm;C:\Program Files (x86)\GnuWin32\bin;C:\Program Files (x86)\GNU Arm Embedded Toolchain\10 2020-q4-major\bin;C:\Program Files\JetBrains\PyCharm Community Edition 2021.1.3\bin;;C:\Program Files\STMicroelectronics\STM32Cube\STM32CubeProgrammer\bin;C:\Program Files\openocd\bin;C:\Program Files (x86)\dfu-util;C:\esp-idf\tools;C:\Program Files\qemu;
# default
MAKE = $(MAKE_COMMAND)
# default
MAKECMDGOALS := all
# environment
PATH = c:\program files (x86)\common files\oracle\java\javapath;c:\program files (x86)\common files\intel\shared libraries\redist\intel64\compiler;c:\windows\system32;c:\windows;c:\windows\system32\wbem;c:\windows\system32\windowspowershell\v1.0\;c:\windows\system32\openssh\;c:\program files\nvidia corporation\nvidia nvdlisr;c:\program files\dotnet\;c:\program files\powershell\7\;c:\program files\010 editor;c:\program files (x86)\stmicroelectronics\stm32 st-link utility\st-link utility;c:\program files\git\cmd;c:\program files\nodejs\;c:\program files\cmake\bin;C:\Program Files (x86)\NVIDIA Corporation\PhysX\Common;C:\Program Files\Microsoft SQL Server\Client SDK\ODBC\110\Tools\Binn\;C:\Program Files (x86)\Microsoft SQL Server\120\Tools\Binn\;C:\Program Files\Microsoft SQL Server\120\Tools\Binn\;C:\Program Files\Microsoft SQL Server\120\DTS\Binn\;C:\Program Files (x86)\Windows Kits\8.1\Windows Performance Toolkit\;C:\ProgramData\chocolatey\bin;C:\Program Files (x86)\GNU Arm Embedded Toolchain\10 2020-q4-major\bin;C:\Users\caine\AppData\Local\Microsoft\WindowsApps;C:\Users\caine\AppData\Local\Programs\Microsoft VS Code\bin;C:\Program Files\Bandizip\;C:\Users\caine\AppData\Local\GitHubDesktop\bin;C:\Users\caine\.dotnet\tools;C:\Users\caine\AppData\Roaming\npm;C:\Program Files (x86)\GnuWin32\bin;C:\Program Files (x86)\GNU Arm Embedded Toolchain\10 2020-q4-major\bin;C:\Program Files\JetBrains\PyCharm Community Edition 2021.1.3\bin;;C:\Program Files\STMicroelectronics\STM32Cube\STM32CubeProgrammer\bin;C:\Program Files\openocd\bin;C:\Program Files (x86)\dfu-util;C:\esp-idf\tools;C:\Program Files\qemu;
# default
MAKE_VERSION := 3.81
# makefile
.DEFAULT_GOAL := all
# environment
PROGRAMFILES(X86) = C:\Program Files (x86)
# automatic
%D = $(patsubst %/,%,$(dir $%))
# environment
LOCALAPPDATA = C:\Users\caine\AppData\Local
# environment
PSMODULEPATH = C:\Program Files\WindowsPowerShell\Modules;C:\Windows\system32\WindowsPowerShell\v1.0\Modules;C:\Program Files (x86)\Microsoft SQL Server\120\Tools\PowerShell\Modules\
# default
MAKE_COMMAND := make.exe
# environment
PROCESSOR_ARCHITEW6432 = AMD64
# default
.VARIABLES := 
# automatic
*F = $(notdir $*)
# environment
PROCESSOR_IDENTIFIER = AMD64 Family 25 Model 33 Stepping 0, AuthenticAMD
# environment
OS = Windows_NT
# environment
VSCODE_IPC_HOOK = \\.\pipe\880fbc79ab1c405137638b8e99e7aab6-1.60.2-main-sock
# environment
HOMEPATH = \Users\caine
# environment
COMMONPROGRAMFILES(X86) = C:\Program Files (x86)\Common Files
# environment
PROMPT = $P$G
# environment
MFLAGS = -Rrqp
# automatic
*D = $(patsubst %/,%,$(dir $*))
# makefile (from `C:\esp-idf/make/project.mk', line 89)
IDF_PATH := c:/Users/caine/Documents/GitHub/esp32-microlight/C:\esp-idf
# environment
INTEL_DEV_REDIST = C:\Program Files (x86)\Common Files\Intel\Shared Libraries\
# environment
SYSTEMROOT = C:\Windows
# automatic
+D = $(patsubst %/,%,$(dir $+))
# automatic
+F = $(notdir $+)
# environment
APPDATA = C:\Users\caine\AppData\Roaming
# makefile (from `C:\esp-idf/make/project.mk', line 84)
SANITISED_IDF_PATH := c:/Users/caine/Documents/GitHub/esp32-microlight/C:\esp-idf
# environment
TEMP = C:\Users\caine\AppData\Local\Temp
# environment
AMDRMPATH = C:\Program Files\AMD\RyzenMaster\
# environment
COMSPEC = C:\Windows\system32\cmd.exe
# default
MAKEFILES := 
# environment
IDF_TOOLS_PATH = C:\Users\caine\.espressif
# automatic
<F = $(notdir $<)
# environment
PLATFORMIO_CALLER = vscode
# makefile (from `makefile', line 6)
PROJECT_NAME := sample_project
# environment
LC_ALL = C
# environment
SW_SIM_TEMP = C:\ProgramData\SOLIDWORKS\SW_net_sim_temp\
# automatic
^F = $(notdir $^)
# default
SUFFIXES := 
# environment
SYSTEMDRIVE = C:
# environment
SESSIONNAME = Console
# environment
PROCESSOR_REVISION = 2100
# environment
SW_SIM_MPIT = INTELMPI
# makefile (from `C:\esp-idf/make/project.mk', line 100)
IDF_TARGET := esp32
# environment
MAKELEVEL := 0
# environment
LANG = C
# environment
PROCESSOR_LEVEL = 25
# environment
FPS_BROWSER_APP_PROFILE_STRING = Internet Explorer
# environment
VSCODE_PID = 14508
# environment
USERDOMAIN_ROAMINGPROFILE = WORKSTATION
# variable set hash-table stats:
# Load=111/1024=11%, Rehash=0, Collisions=8/141=6%

# Pattern-specific Variable Values

# No pattern-specific variable values.

# Directories

# : could not be stat 
'd.
# c:\program files (x86)\common files\intel\shared libraries\redist\intel64\compiler (key c:/program files (x86)/common files/intel/shared libraries/redist/intel64/compiler, mtime 1621271971): 17 files, no impossibilities.
# C:\Program Files\Bandizip\ (key C:/Program Files/Bandizip/, mtime 1626817116): 22 files, no impossibilities.
# C:\Program Files\qemu (key C:/Program Files/qemu, mtime 1628323019): 126 files, no impossibilities.
# C:\Program Files\openocd\bin (key C:/Program Files/openocd/bin, mtime 1615826737): 6 files, no impossibilities.
# c:\windows\system32\windowspowershell\v1.0\ (key c:/windows/system32/windowspowershell/v1.0/, mtime 1632812015): 26 files, no impossibilities.
# c:\windows\system32\wbem (key c:/windows/system32/wbem, mtime 1631917056): 170 files, no impossibilities.
# . (key c:/Users/caine/Documents/GitHub/esp32-microlight, mtime 1632970685): 14 files, no impossibilities.
# C:\Program Files (x86)\Windows Kits\8.1\Windows Performance Toolkit\ (key C:/Program Files (x86)/Windows Kits/8.1/Windows Performance Toolkit/, mtime 1631373920): 73 files, no impossibilities.
# c:\program files (x86)\stmicroelectronics\stm32 st-link utility\st-link utility (key c:/program files (x86)/stmicroelectronics/stm32 st-link utility/st-link utility, mtime 1632552778): 12 files, no impossibilities.
# c:\program files\nodejs\ (key c:/program files/nodejs/, mtime 1624503405): 11 files, no impossibilities.
# C:\Program Files (x86)\NVIDIA Corporation\PhysX\Common (key C:/Program Files (x86)/NVIDIA Corporation/PhysX/Common, mtime 1631373978): 11 files, no impossibilities.
# C:\Program Files (x86)\Microsoft SQL Server\120\Tools\Binn\ (key C:/Program Files (x86)/Microsoft SQL Server/120/Tools/Binn/, mtime 1631373864): 12 files, no impossibilities.
# C:\esp-idf\tools (key C:/esp-idf/tools, mtime 1632853049): 50 files, no impossibilities.
# C:\Program Files\Microsoft SQL Server\120\DTS\Binn\ (key C:/Program Files/Microsoft SQL Server/120/DTS/Binn/, mtime 1631373873): 38 files, no impossibilities.
# C:\ProgramData\chocolatey\bin (key C:/ProgramData/chocolatey/bin, mtime 1632811691): 13 files, no impossibilities.
# c:\program files\dotnet\ (key c:/program files/dotnet/, mtime 1627614236): 11 files, no impossibilities.
# c:\program files\010 editor (key c:/program files/010 editor, mtime 1621219912): 36 files, no impossibilities.
# c:\program files\powershell\7\ (key c:/program files/powershell/7/, mtime 1621175001): 471 files, no impossibilities.
# C:\Users\caine\AppData\Local\Programs\Microsoft VS Code\bin (key C:/Users/caine/AppData/Local/Programs/Microsoft VS Code/bin, mtime 1632333174): 4 files, no impossibilities.
# C:\Program Files\Microsoft SQL Server\Client SDK\ODBC\110\Tools\Binn\ (key C:/Program Files/Microsoft SQL Server/Client SDK/ODBC/110/Tools/Binn/, mtime 1631373873): 6 files, no impossibilities.
# c:\windows\system32\openssh\: could not be stat'd.
# c:\program files (x86)\common files\oracle\java\javapath (key c:/program files (x86)/common files/oracle/java/javapath, mtime 1623896835): 5 files, no impossibilities.
# C:\Program Files (x86)\dfu-util (key C:/Program Files (x86)/dfu-util, mtime 1628230107): 4 files, no impossibilities.
# C:\Users\caine\AppData\Roaming\npm (key C:/Users/caine/AppData/Roaming/npm, mtime 1624503400): 2 files, no impossibilities.
# C:\Users\caine\.dotnet\tools: could not be stat'd.
# c:\windows (key c:/windows, mtime 1632811558): 116 files, no impossibilities.
# C:\Program Files (x86)\GNU Arm Embedded Toolchain\10 2020-q4-major\bin (key C:/Program Files (x86)/GNU Arm Embedded Toolc 
hain/10 2020-q4-major/bin, mtime 1624692215): 35 files, no impossibilities.
# C:\Users\caine\AppData\Local\GitHubDesktop\bin (key C:/Users/caine/AppData/Local/GitHubDesktop/bin, mtime 1621981644): 4 files, no impossibilities.
# C:\Program Files\STMicroelectronics\STM32Cube\STM32CubeProgrammer\bin (key C:/Program Files/STMicroelectronics/STM32Cube/STM32CubeProgrammer/bin, mtime 1627444344): 32 files, no impossibilities.
# C:\Program Files\Microsoft SQL Server\120\Tools\Binn\ (key C:/Program Files/Microsoft SQL Server/120/Tools/Binn/, mtime 1631373864): 14 files, no impossibilities.
# C:\Users\caine\AppData\Local\Microsoft\WindowsApps (key C:/Users/caine/AppData/Local/Microsoft/WindowsApps, mtime 1632811418): 27 files, no impossibilities.
# C:\Program Files\JetBrains\PyCharm Community Edition 2021.1.3\bin (key C:/Program Files/JetBrains/PyCharm Community Edition 2021.1.3/bin, mtime 1626538862): 29 files, no impossibilities.
# c:\program files\git\cmd (key c:/program files/git/cmd, mtime 1624082500): 8 files, no impossibilities.
# c:\windows\system32 (key c:/windows/system32, mtime 1632960696): 3106 files, no impossibilities.
# c:\program files\cmake\bin (key c:/program files/cmake/bin, mtime 1624948798): 7 files, no impossibilities.
# c:\program files\nvidia corporation\nvidia nvdlisr (key c:/program files/nvidia corporation/nvidia nvdlisr, mtime 1620801995): 5 files, no impossibilities.
# C:\Program Files (x86)\GnuWin32\bin (key C:/Program Files (x86)/GnuWin32/bin, mtime 1624691723): 5 files, no impossibilities.

# 4528 files, no impossibilities in 38 directories.

# Implicit Rules

# No implicit rules.

# Files

all: all_binaries | check_python_dependencies
#  Command-line target.
#  Implicit rule search has not been done.
#  Modification time never checked.
#  File has not been updated.

.PHONY: build-components menuconfig defconfig all build clean all_binaries check-submodules size size-components size-files size-symbols list-components
#  Implicit rule search has not been done.
#  Modification time never checked.
#  File has not been updated.

# Not a target:
.DEFAULT:
#  Implicit rule search has not been done.
#  Modification time never checked.
#  File has not been updated.

# Not a target:
makefile:
#  Implicit rule search has not been done.
#  Modification time never checked.
#  File has not been updated.

help:
#  Implicit rule search has not been done.
#  Modification time never checked.
#  File has not been updated.
#  commands to execute (from `C:\esp-idf/make/project.mk', line 25):
	@echo "Welcome to Espressif IDF build system. Some useful make targets:"
	@echo ""
	@echo "make menuconfig - Configure IDF project"
	@echo "make defconfig - Set defaults for all new configuration options"
	@echo ""
	@echo "make all - Build app, bootloader, partition table"
	@echo "make flash - Flash app, bootloader, partition table to a chip"
	@echo "make clean - Remove all build output"
	@echo "make size - Display the static memory footprint of the app"
	@echo "make size-components, size-files - Finer-grained memory footprints"
	@echo "make size-symbols - Per symbol memory footprint. Requires COMPONENT=<component>"
	@echo "make erase_flash - Erase entire flash contents"
	@echo "make erase_otadata - Erase ota_data partition; First bootable partition (factory or OTAx) will be used on next boot."
	@echo "                     This assumes this project's partition table is the one flashed on the device."
	@echo "make monitor - Run idf_monitor tool to monitor serial output from app"
	@echo "make simple_monitor - Monitor serial output on terminal console"
	@echo "make list-components - List all components in the project"
	@echo ""
	@echo "make app - Build just the app"
	@echo "make app-flash - Flash just the app"
	@echo "make app-clean - Clean just the app"
	@echo "make print_flash_cmd - Print the arguments for esptool when flash"
	@echo "make check_python_dependencies - Check that the required python packages are installed"
	@echo ""
	@echo "See also 'make bootloader', 'make bootloader-flash', 'make bootloader-clean', "
	@echo "'make partition_table', etc, etc."
	

# Not a target:
.SUFFIXES:
#  Implicit rule search has not been done.
#  Modification time never checked.
#  File has not been updated.

# Not a target:
C:\esp-idf/make/project.mk:
#  Implicit rule search has not been done.
#  Modification time never checked.
#  File has not been updated.

# files hash-table stats:
# Load=7/1024=1%, Rehash=0, Collisions=0/10=0%
# VPATH Search Paths

# No `vpath' search paths.

# No general (`VPATH' variable) search path.

# # of strings in strcache: 2
# # of strcache buffers: 1
# strcache size: total = 4096 / max = 4096 / min = 4096 / avg = 4096
# strcache free: total = 4060 / max = 4060 / min = 4060 / avg = 4060

# Finished Make data base on Wed Sep 29 22:58:07 2021

 
C:\esp-idf/make/project.mk:114: *** IDF_PATH cannot contain colons. If overriding IDF_PATH on Windows, use MSYS Unix-style /c/dir instead of C:/dir.  Stop.
 
